<?xml version="1.0" encoding="UTF-8"?>
<!-- Generated by org.testng.reporters.JUnitXMLReporter -->
<testsuite hostname="akundu18" ignored="2" name="Contacts Page Test" tests="4" failures="0" timestamp="20 Oct 2019 14:52:44 GMT" time="10.883" errors="0">
  <testcase name="@BeforeMethod init" time="9.547" classname="com.ak.testCases.ContactsPageTest">
    <failure type="org.openqa.selenium.ElementNotInteractableException" message="Element &amp;lt;a class=&amp;quot;btn btn-primary btn-xs-2 btn-shadow btn-rect btn-icon btn-icon-left&amp;quot; href=&amp;quot;https://ui.freecrm.com&amp;quot;&amp;gt; could not be scrolled into view
Build info: version: &amp;apos;3.141.59&amp;apos;, revision: &amp;apos;e82be7d358&amp;apos;, time: &amp;apos;2018-11-14T08:17:03&amp;apos;
System info: host: &amp;apos;AKUNDU18&amp;apos;, ip: &amp;apos;192.168.56.1&amp;apos;, os.name: &amp;apos;Windows 10&amp;apos;, os.arch: &amp;apos;amd64&amp;apos;, os.version: &amp;apos;10.0&amp;apos;, java.version: &amp;apos;1.8.0_211&amp;apos;
Driver info: org.openqa.selenium.firefox.FirefoxDriver
Capabilities {acceptInsecureCerts: true, browserName: firefox, browserVersion: 69.0.3, javascriptEnabled: true, moz:accessibilityChecks: false, moz:buildID: 20191009172106, moz:geckodriverVersion: 0.24.0, moz:headless: false, moz:processID: 884, moz:profile: C:\Users\ArnabKundu\AppData..., moz:shutdownTimeout: 60000, moz:useNonSpecCompliantPointerOrigin: false, moz:webdriverClick: true, pageLoadStrategy: normal, platform: WINDOWS, platformName: WINDOWS, platformVersion: 10.0, rotatable: false, setWindowRect: true, strictFileInteractability: false, timeouts: {implicit: 0, pageLoad: 300000, script: 30000}, unhandledPromptBehavior: dismiss and notify}
Session ID: 6068fe63-8fb6-4601-ac58-aceb1cd77c51">
      <![CDATA[org.openqa.selenium.ElementNotInteractableException: Element <a class="btn btn-primary btn-xs-2 btn-shadow btn-rect btn-icon btn-icon-left" href="https://ui.freecrm.com"> could not be scrolled into view
Build info: version: '3.141.59', revision: 'e82be7d358', time: '2018-11-14T08:17:03'
System info: host: 'AKUNDU18', ip: '192.168.56.1', os.name: 'Windows 10', os.arch: 'amd64', os.version: '10.0', java.version: '1.8.0_211'
Driver info: org.openqa.selenium.firefox.FirefoxDriver
Capabilities {acceptInsecureCerts: true, browserName: firefox, browserVersion: 69.0.3, javascriptEnabled: true, moz:accessibilityChecks: false, moz:buildID: 20191009172106, moz:geckodriverVersion: 0.24.0, moz:headless: false, moz:processID: 884, moz:profile: C:\Users\ArnabKundu\AppData..., moz:shutdownTimeout: 60000, moz:useNonSpecCompliantPointerOrigin: false, moz:webdriverClick: true, pageLoadStrategy: normal, platform: WINDOWS, platformName: WINDOWS, platformVersion: 10.0, rotatable: false, setWindowRect: true, strictFileInteractability: false, timeouts: {implicit: 0, pageLoad: 300000, script: 30000}, unhandledPromptBehavior: dismiss and notify}
Session ID: 6068fe63-8fb6-4601-ac58-aceb1cd77c51
	at org.openqa.selenium.remote.http.W3CHttpResponseCodec.createException(W3CHttpResponseCodec.java:187)
	at org.openqa.selenium.remote.http.W3CHttpResponseCodec.decode(W3CHttpResponseCodec.java:122)
	at org.openqa.selenium.remote.http.W3CHttpResponseCodec.decode(W3CHttpResponseCodec.java:49)
	at org.openqa.selenium.remote.HttpCommandExecutor.execute(HttpCommandExecutor.java:158)
	at org.openqa.selenium.remote.service.DriverCommandExecutor.execute(DriverCommandExecutor.java:83)
	at org.openqa.selenium.remote.RemoteWebDriver.execute(RemoteWebDriver.java:552)
	at org.openqa.selenium.remote.RemoteWebElement.execute(RemoteWebElement.java:285)
	at org.openqa.selenium.remote.RemoteWebElement.click(RemoteWebElement.java:84)
	at org.openqa.selenium.support.events.EventFiringWebDriver$EventFiringWebElement.lambda$new$0(EventFiringWebDriver.java:404)
	at com.sun.proxy.$Proxy13.click(Unknown Source)
	at org.openqa.selenium.support.events.EventFiringWebDriver$EventFiringWebElement.click(EventFiringWebDriver.java:417)
	at org.openqa.selenium.support.pagefactory.internal.LocatingElementHandler.invoke(LocatingElementHandler.java:51)
	at com.sun.proxy.$Proxy12.click(Unknown Source)
	at com.ak.pages.LoginPage.doLogin(LoginPage.java:44)
	at com.ak.testCases.ContactsPageTest.init(ContactsPageTest.java:32)
... Removed 39 stack frames]]>
    </failure>
  </testcase> <!-- @BeforeMethod init -->
  <testcase name="@BeforeMethod init" time="0.0" classname="com.ak.testCases.ContactsPageTest">
    <skipped/>
  </testcase> <!-- @BeforeMethod init -->
  <testcase name="@BeforeMethod init" time="0.0" classname="com.ak.testCases.ContactsPageTest">
    <skipped/>
  </testcase> <!-- @BeforeMethod init -->
  <testcase name="@BeforeMethod init" time="0.0" classname="com.ak.testCases.ContactsPageTest">
    <skipped/>
  </testcase> <!-- @BeforeMethod init -->
  <testcase name="ContactsPagevalidateNewContact" time="0.0" classname="com.ak.testCases.ContactsPageTest">
    <skipped/>
  </testcase> <!-- ContactsPagevalidateNewContact -->
  <testcase name="ContactsPagevalidateNewContact" time="0.0" classname="com.ak.testCases.ContactsPageTest">
    <skipped/>
  </testcase> <!-- ContactsPagevalidateNewContact -->
  <testcase name="validateContactsadded" time="0.0" classname="com.ak.testCases.ContactsPageTest">
    <skipped/>
  </testcase> <!-- validateContactsadded -->
  <testcase name="validateContactsadded" time="0.0" classname="com.ak.testCases.ContactsPageTest">
    <skipped/>
  </testcase> <!-- validateContactsadded -->
  <testcase name="ContactsPageValidateContactsLabel" time="0.0" classname="com.ak.testCases.ContactsPageTest">
    <ignored/>
  </testcase> <!-- ContactsPageValidateContactsLabel -->
  <testcase name="ContactsPagevalidateRecordsWarning" time="0.0" classname="com.ak.testCases.ContactsPageTest">
    <ignored/>
  </testcase> <!-- ContactsPagevalidateRecordsWarning -->
</testsuite> <!-- Contacts Page Test -->
